<?xml version="1.0" encoding="UTF-8"?>
<testng-results ignored="0" total="1" passed="1" failed="0" skipped="0">
  <reporter-output>
  </reporter-output>
  <suite started-at="2023-10-31T22:38:05 IST" name="Default suite" finished-at="2023-10-31T22:38:49 IST" duration-ms="44035">
    <groups>
    </groups>
    <test started-at="2023-10-31T22:38:05 IST" name="Default test" finished-at="2023-10-31T22:38:49 IST" duration-ms="44035">
      <class name="test.TestMultipleProductAddToCart">
        <test-method is-config="true" signature="openBrowser()[pri:0, instance:test.TestMultipleProductAddToCart@397fbdb]" started-at="2023-10-31T22:38:05 IST" name="openBrowser" finished-at="2023-10-31T22:38:13 IST" duration-ms="8037" status="PASS">
          <reporter-output>
          </reporter-output>
        </test-method> <!-- openBrowser -->
        <test-method signature="verifyMultipleProductAddToCartFunctionality()[pri:0, instance:test.TestMultipleProductAddToCart@397fbdb]" started-at="2023-10-31T22:38:13 IST" name="verifyMultipleProductAddToCartFunctionality" finished-at="2023-10-31T22:38:49 IST" duration-ms="35899" status="PASS">
          <reporter-output>
          </reporter-output>
        </test-method> <!-- verifyMultipleProductAddToCartFunctionality -->
      </class> <!-- test.TestMultipleProductAddToCart -->
    </test> <!-- Default test -->
  </suite> <!-- Default suite -->
</testng-results>
